Determining if the pthread_create exist failed with the following output:
Change Dir: /home/wang/openvslam/build/CMakeFiles/CMakeTmp

Run Build Command(s):/usr/bin/make cmTC_9c699/fast 
/usr/bin/make -f CMakeFiles/cmTC_9c699.dir/build.make CMakeFiles/cmTC_9c699.dir/build
make[1]: Entering directory '/home/wang/openvslam/build/CMakeFiles/CMakeTmp'
Building C object CMakeFiles/cmTC_9c699.dir/CheckSymbolExists.c.o
/usr/bin/cc   -Wall -Wextra -mtune=native -march=native    -o CMakeFiles/cmTC_9c699.dir/CheckSymbolExists.c.o   -c /home/wang/openvslam/build/CMakeFiles/CMakeTmp/CheckSymbolExists.c
Linking C executable cmTC_9c699
/usr/local/bin/cmake -E cmake_link_script CMakeFiles/cmTC_9c699.dir/link.txt --verbose=1
/usr/bin/cc  -Wall -Wextra -mtune=native -march=native     -rdynamic CMakeFiles/cmTC_9c699.dir/CheckSymbolExists.c.o  -o cmTC_9c699 
CMakeFiles/cmTC_9c699.dir/CheckSymbolExists.c.o：在函数‘main’中：
CheckSymbolExists.c:(.text+0x16)：对‘pthread_create’未定义的引用
collect2: error: ld returned 1 exit status
CMakeFiles/cmTC_9c699.dir/build.make:86: recipe for target 'cmTC_9c699' failed
make[1]: *** [cmTC_9c699] Error 1
make[1]: Leaving directory '/home/wang/openvslam/build/CMakeFiles/CMakeTmp'
Makefile:121: recipe for target 'cmTC_9c699/fast' failed
make: *** [cmTC_9c699/fast] Error 2

File /home/wang/openvslam/build/CMakeFiles/CMakeTmp/CheckSymbolExists.c:
/* */
#include <pthread.h>

int main(int argc, char** argv)
{
  (void)argv;
#ifndef pthread_create
  return ((int*)(&pthread_create))[argc];
#else
  (void)argc;
  return 0;
#endif
}

Determining if the function pthread_create exists in the pthreads failed with the following output:
Change Dir: /home/wang/openvslam/build/CMakeFiles/CMakeTmp

Run Build Command(s):/usr/bin/make cmTC_c5645/fast 
/usr/bin/make -f CMakeFiles/cmTC_c5645.dir/build.make CMakeFiles/cmTC_c5645.dir/build
make[1]: Entering directory '/home/wang/openvslam/build/CMakeFiles/CMakeTmp'
Building C object CMakeFiles/cmTC_c5645.dir/CheckFunctionExists.c.o
/usr/bin/cc   -Wall -Wextra -mtune=native -march=native -DCHECK_FUNCTION_EXISTS=pthread_create   -o CMakeFiles/cmTC_c5645.dir/CheckFunctionExists.c.o   -c /usr/local/share/cmake-3.14/Modules/CheckFunctionExists.c
Linking C executable cmTC_c5645
/usr/local/bin/cmake -E cmake_link_script CMakeFiles/cmTC_c5645.dir/link.txt --verbose=1
/usr/bin/cc  -Wall -Wextra -mtune=native -march=native -DCHECK_FUNCTION_EXISTS=pthread_create    -rdynamic CMakeFiles/cmTC_c5645.dir/CheckFunctionExists.c.o  -o cmTC_c5645 -lpthreads 
/usr/bin/ld: 找不到 -lpthreads
collect2: error: ld returned 1 exit status
CMakeFiles/cmTC_c5645.dir/build.make:86: recipe for target 'cmTC_c5645' failed
make[1]: *** [cmTC_c5645] Error 1
make[1]: Leaving directory '/home/wang/openvslam/build/CMakeFiles/CMakeTmp'
Makefile:121: recipe for target 'cmTC_c5645/fast' failed
make: *** [cmTC_c5645/fast] Error 2


Determining if the function sgemm_ exists failed with the following output:
Change Dir: /home/wang/openvslam/build/CMakeFiles/CMakeTmp

Run Build Command(s):/usr/bin/make cmTC_c7bd1/fast 
/usr/bin/make -f CMakeFiles/cmTC_c7bd1.dir/build.make CMakeFiles/cmTC_c7bd1.dir/build
make[1]: Entering directory '/home/wang/openvslam/build/CMakeFiles/CMakeTmp'
Building C object CMakeFiles/cmTC_c7bd1.dir/CheckFunctionExists.c.o
/usr/bin/cc   -Wall -Wextra -mtune=native -march=native -DCHECK_FUNCTION_EXISTS=sgemm_   -o CMakeFiles/cmTC_c7bd1.dir/CheckFunctionExists.c.o   -c /usr/local/share/cmake-3.14/Modules/CheckFunctionExists.c
Linking C executable cmTC_c7bd1
/usr/local/bin/cmake -E cmake_link_script CMakeFiles/cmTC_c7bd1.dir/link.txt --verbose=1
/usr/bin/cc  -Wall -Wextra -mtune=native -march=native -DCHECK_FUNCTION_EXISTS=sgemm_    -rdynamic CMakeFiles/cmTC_c7bd1.dir/CheckFunctionExists.c.o  -o cmTC_c7bd1 
CMakeFiles/cmTC_c7bd1.dir/CheckFunctionExists.c.o：在函数‘main’中：
CheckFunctionExists.c:(.text+0x10)：对‘sgemm_’未定义的引用
collect2: error: ld returned 1 exit status
CMakeFiles/cmTC_c7bd1.dir/build.make:86: recipe for target 'cmTC_c7bd1' failed
make[1]: *** [cmTC_c7bd1] Error 1
make[1]: Leaving directory '/home/wang/openvslam/build/CMakeFiles/CMakeTmp'
Makefile:121: recipe for target 'cmTC_c7bd1/fast' failed
make: *** [cmTC_c7bd1/fast] Error 2


Determining if the function cheev_ exists failed with the following output:
Change Dir: /home/wang/openvslam/build/CMakeFiles/CMakeTmp

Run Build Command(s):/usr/bin/make cmTC_e04ec/fast 
/usr/bin/make -f CMakeFiles/cmTC_e04ec.dir/build.make CMakeFiles/cmTC_e04ec.dir/build
make[1]: Entering directory '/home/wang/openvslam/build/CMakeFiles/CMakeTmp'
Building C object CMakeFiles/cmTC_e04ec.dir/CheckFunctionExists.c.o
/usr/bin/cc   -Wall -Wextra -mtune=native -march=native -DCHECK_FUNCTION_EXISTS=cheev_   -o CMakeFiles/cmTC_e04ec.dir/CheckFunctionExists.c.o   -c /usr/local/share/cmake-3.14/Modules/CheckFunctionExists.c
Linking C executable cmTC_e04ec
/usr/local/bin/cmake -E cmake_link_script CMakeFiles/cmTC_e04ec.dir/link.txt --verbose=1
/usr/bin/cc  -Wall -Wextra -mtune=native -march=native -DCHECK_FUNCTION_EXISTS=cheev_    -rdynamic CMakeFiles/cmTC_e04ec.dir/CheckFunctionExists.c.o  -o cmTC_e04ec /usr/lib/libf77blas.so /usr/lib/libatlas.so 
CMakeFiles/cmTC_e04ec.dir/CheckFunctionExists.c.o：在函数‘main’中：
CheckFunctionExists.c:(.text+0x10)：对‘cheev_’未定义的引用
collect2: error: ld returned 1 exit status
CMakeFiles/cmTC_e04ec.dir/build.make:88: recipe for target 'cmTC_e04ec' failed
make[1]: *** [cmTC_e04ec] Error 1
make[1]: Leaving directory '/home/wang/openvslam/build/CMakeFiles/CMakeTmp'
Makefile:121: recipe for target 'cmTC_e04ec/fast' failed
make: *** [cmTC_e04ec/fast] Error 2


